<?xml version="1.0" encoding="UTF-8"?>
<testng-results skipped="0" failed="0" ignored="0" total="1" passed="1">
  <reporter-output>
  </reporter-output>
  <suite name="Default suite" duration-ms="48293" started-at="2019-06-09T05:44:09Z" finished-at="2019-06-09T05:44:58Z">
    <groups>
    </groups>
    <test name="Default test" duration-ms="48293" started-at="2019-06-09T05:44:09Z" finished-at="2019-06-09T05:44:58Z">
      <class name="com.trishana.examples.Recording.DatePicker">
        <test-method status="PASS" signature="createBrowser()[pri:0, instance:com.trishana.examples.Recording.DatePicker@4501b7af]" name="createBrowser" is-config="true" duration-ms="20050" started-at="2019-06-09T05:44:09Z" finished-at="2019-06-09T05:44:29Z">
          <reporter-output>
          </reporter-output>
        </test-method> <!-- createBrowser -->
        <test-method status="PASS" signature="dateRecordingTest()[pri:0, instance:com.trishana.examples.Recording.DatePicker@4501b7af]" name="dateRecordingTest" duration-ms="27580" started-at="2019-06-09T05:44:29Z" finished-at="2019-06-09T05:44:57Z">
          <reporter-output>
          </reporter-output>
        </test-method> <!-- dateRecordingTest -->
        <test-method status="PASS" signature="close()[pri:0, instance:com.trishana.examples.Recording.DatePicker@4501b7af]" name="close" is-config="true" duration-ms="639" started-at="2019-06-09T05:44:57Z" finished-at="2019-06-09T05:44:58Z">
          <reporter-output>
          </reporter-output>
        </test-method> <!-- close -->
      </class> <!-- com.trishana.examples.Recording.DatePicker -->
    </test> <!-- Default test -->
  </suite> <!-- Default suite -->
</testng-results>
